{"D:\\Programming\\Auth-solid-system\\src\\config\\BcryptConfig.mjs": {"path":"D:\\Programming\\Auth-solid-system\\src\\config\\BcryptConfig.mjs","statementMap":{"0":{"start":{"line":5,"column":4},"end":{"line":5,"column":43}},"1":{"start":{"line":8,"column":4},"end":{"line":8,"column":48}}},"fnMap":{"0":{"name":"(anonymous_0)","decl":{"start":{"line":4,"column":2},"end":{"line":4,"column":3}},"loc":{"start":{"line":4,"column":38},"end":{"line":6,"column":3}},"line":4},"1":{"name":"(anonymous_1)","decl":{"start":{"line":7,"column":2},"end":{"line":7,"column":3}},"loc":{"start":{"line":7,"column":47},"end":{"line":9,"column":3}},"line":7}},"branchMap":{},"s":{"0":0,"1":0},"f":{"0":0,"1":0},"b":{},"inputSourceMap":null,"_coverageSchema":"1a1c01bbd47fc00a2c39e90264f33305004495a9","hash":"8112b350f14e2ea62c80527f5a9b400baf669790"}
,"D:\\Programming\\Auth-solid-system\\src\\config\\jwtConfig.mjs": {"path":"D:\\Programming\\Auth-solid-system\\src\\config\\jwtConfig.mjs","statementMap":{"0":{"start":{"line":5,"column":4},"end":{"line":5,"column":75}},"1":{"start":{"line":8,"column":4},"end":{"line":8,"column":57}}},"fnMap":{"0":{"name":"(anonymous_0)","decl":{"start":{"line":4,"column":2},"end":{"line":4,"column":3}},"loc":{"start":{"line":4,"column":29},"end":{"line":6,"column":3}},"line":4},"1":{"name":"(anonymous_1)","decl":{"start":{"line":7,"column":2},"end":{"line":7,"column":3}},"loc":{"start":{"line":7,"column":28},"end":{"line":9,"column":3}},"line":7}},"branchMap":{},"s":{"0":0,"1":0},"f":{"0":0,"1":0},"b":{},"inputSourceMap":null,"_coverageSchema":"1a1c01bbd47fc00a2c39e90264f33305004495a9","hash":"02053c33acf78514f241df44660563eb95f35ac1"}
,"D:\\Programming\\Auth-solid-system\\src\\config\\prisma.mjs": {"path":"D:\\Programming\\Auth-solid-system\\src\\config\\prisma.mjs","statementMap":{"0":{"start":{"line":2,"column":15},"end":{"line":2,"column":33}}},"fnMap":{},"branchMap":{},"s":{"0":1},"f":{},"b":{},"inputSourceMap":null,"_coverageSchema":"1a1c01bbd47fc00a2c39e90264f33305004495a9","hash":"4353feda2b519a4126b237126b85f3ca0cfe30ca"}
,"D:\\Programming\\Auth-solid-system\\src\\repositories\\auth\\UserRepository.mjs": {"path":"D:\\Programming\\Auth-solid-system\\src\\repositories\\auth\\UserRepository.mjs","statementMap":{"0":{"start":{"line":5,"column":4},"end":{"line":12,"column":7}},"1":{"start":{"line":15,"column":4},"end":{"line":15,"column":62}}},"fnMap":{"0":{"name":"(anonymous_0)","decl":{"start":{"line":4,"column":2},"end":{"line":4,"column":3}},"loc":{"start":{"line":4,"column":48},"end":{"line":13,"column":3}},"line":4},"1":{"name":"(anonymous_1)","decl":{"start":{"line":14,"column":2},"end":{"line":14,"column":3}},"loc":{"start":{"line":14,"column":27},"end":{"line":16,"column":3}},"line":14}},"branchMap":{"0":{"loc":{"start":{"line":10,"column":14},"end":{"line":10,"column":28}},"type":"binary-expr","locations":[{"start":{"line":10,"column":14},"end":{"line":10,"column":18}},{"start":{"line":10,"column":22},"end":{"line":10,"column":28}}],"line":10}},"s":{"0":0,"1":0},"f":{"0":0,"1":0},"b":{"0":[0,0]},"inputSourceMap":null,"_coverageSchema":"1a1c01bbd47fc00a2c39e90264f33305004495a9","hash":"3c3f566c3aebe3fa3f6e117ea12c543dfe87b4de"}
,"D:\\Programming\\Auth-solid-system\\src\\services\\auth\\AuthServices.mjs": {"path":"D:\\Programming\\Auth-solid-system\\src\\services\\auth\\AuthServices.mjs","statementMap":{"0":{"start":{"line":9,"column":4},"end":{"line":9,"column":42}},"1":{"start":{"line":12,"column":25},"end":{"line":12,"column":70}},"2":{"start":{"line":13,"column":4},"end":{"line":15,"column":5}},"3":{"start":{"line":14,"column":6},"end":{"line":14,"column":45}},"4":{"start":{"line":16,"column":27},"end":{"line":16,"column":68}},"5":{"start":{"line":17,"column":4},"end":{"line":17,"column":84}},"6":{"start":{"line":21,"column":17},"end":{"line":21,"column":62}},"7":{"start":{"line":23,"column":4},"end":{"line":25,"column":5}},"8":{"start":{"line":24,"column":6},"end":{"line":24,"column":51}},"9":{"start":{"line":27,"column":18},"end":{"line":27,"column":87}},"10":{"start":{"line":28,"column":4},"end":{"line":35,"column":6}}},"fnMap":{"0":{"name":"(anonymous_0)","decl":{"start":{"line":8,"column":2},"end":{"line":8,"column":3}},"loc":{"start":{"line":8,"column":53},"end":{"line":10,"column":3}},"line":8},"1":{"name":"(anonymous_1)","decl":{"start":{"line":11,"column":2},"end":{"line":11,"column":3}},"loc":{"start":{"line":11,"column":46},"end":{"line":18,"column":3}},"line":11},"2":{"name":"(anonymous_2)","decl":{"start":{"line":20,"column":2},"end":{"line":20,"column":3}},"loc":{"start":{"line":20,"column":31},"end":{"line":36,"column":3}},"line":20}},"branchMap":{"0":{"loc":{"start":{"line":8,"column":14},"end":{"line":8,"column":51}},"type":"default-arg","locations":[{"start":{"line":8,"column":31},"end":{"line":8,"column":51}}],"line":8},"1":{"loc":{"start":{"line":13,"column":4},"end":{"line":15,"column":5}},"type":"if","locations":[{"start":{"line":13,"column":4},"end":{"line":15,"column":5}},{"start":{},"end":{}}],"line":13},"2":{"loc":{"start":{"line":23,"column":4},"end":{"line":25,"column":5}},"type":"if","locations":[{"start":{"line":23,"column":4},"end":{"line":25,"column":5}},{"start":{},"end":{}}],"line":23},"3":{"loc":{"start":{"line":23,"column":8},"end":{"line":23,"column":79}},"type":"binary-expr","locations":[{"start":{"line":23,"column":8},"end":{"line":23,"column":13}},{"start":{"line":23,"column":17},"end":{"line":23,"column":79}}],"line":23}},"s":{"0":5,"1":2,"2":2,"3":1,"4":1,"5":1,"6":3,"7":3,"8":2,"9":1,"10":1},"f":{"0":5,"1":2,"2":3},"b":{"0":[0],"1":[1,1],"2":[2,1],"3":[3,2]},"inputSourceMap":null,"_coverageSchema":"1a1c01bbd47fc00a2c39e90264f33305004495a9","hash":"0709028265b832bfb247c9aa56957af79b74795e"}
}
