TN:
SF:src\config\BcryptConfig.mjs
FN:4,(anonymous_0)
FN:7,(anonymous_1)
FNF:2
FNH:0
FNDA:0,(anonymous_0)
FNDA:0,(anonymous_1)
DA:5,0
DA:8,0
LF:2
LH:0
BRF:0
BRH:0
end_of_record
TN:
SF:src\config\jwtConfig.mjs
FN:4,(anonymous_0)
FN:7,(anonymous_1)
FNF:2
FNH:0
FNDA:0,(anonymous_0)
FNDA:0,(anonymous_1)
DA:5,0
DA:8,0
LF:2
LH:0
BRF:0
BRH:0
end_of_record
TN:
SF:src\config\prisma.mjs
FNF:0
FNH:0
DA:2,1
LF:1
LH:1
BRF:0
BRH:0
end_of_record
TN:
SF:src\repositories\auth\UserRepository.mjs
FN:4,(anonymous_0)
FN:14,(anonymous_1)
FNF:2
FNH:0
FNDA:0,(anonymous_0)
FNDA:0,(anonymous_1)
DA:5,0
DA:15,0
LF:2
LH:0
BRDA:10,0,0,0
BRDA:10,0,1,0
BRF:2
BRH:0
end_of_record
TN:
SF:src\services\auth\AuthServices.mjs
FN:8,(anonymous_0)
FN:11,(anonymous_1)
FN:20,(anonymous_2)
FNF:3
FNH:3
FNDA:5,(anonymous_0)
FNDA:2,(anonymous_1)
FNDA:3,(anonymous_2)
DA:9,5
DA:12,2
DA:13,2
DA:14,1
DA:16,1
DA:17,1
DA:21,3
DA:23,3
DA:24,2
DA:27,1
DA:28,1
LF:11
LH:11
BRDA:8,0,0,0
BRDA:13,1,0,1
BRDA:13,1,1,1
BRDA:23,2,0,2
BRDA:23,2,1,1
BRDA:23,3,0,3
BRDA:23,3,1,2
BRF:7
BRH:6
end_of_record
